#
# A fatal error has been detected by the Java Runtime Environment:
#
#  SIGSEGV (0xb) at pc=0x00007fff9037caf5, pid=10849, tid=23299
#
# JRE version: Java(TM) SE Runtime Environment (7.0_12-b06) (build 1.7.0_12-ea-b06)
# Java VM: Java HotSpot(TM) 64-Bit Server VM (24.0-b27 mixed mode bsd-amd64 compressed oops)
# Problematic frame:
# C  [libsystem_c.dylib+0x1af5]  memmove$VARIANT$sse42+0xcd
#
# Failed to write core dump. Core dumps have been disabled. To enable core dumping, try "ulimit -c unlimited" before starting Java again
#
# If you would like to submit a bug report, please visit:
#   http://bugreport.sun.com/bugreport/crash.jsp
# The crash happened outside the Java Virtual Machine in native code.
# See problematic frame for where to report the bug.
#

---------------  T H R E A D  ---------------

Current thread (0x00007fb966030000):  JavaThread "Timer-1" daemon [_thread_in_native, id=23299, stack(0x000000019cce4000,0x000000019cde4000)]

siginfo:si_signo=SIGSEGV: si_errno=0, si_code=1 (SEGV_MAPERR), si_addr=0x000000019c2c3000

Registers:
RAX=0x00007fb7c993131e, RBX=0x000000019c2bdcb4, RCX=0xffffffffffffaf00, RDX=0x0000000000000000
RSP=0x000000019cde25e0, RBP=0x000000019cde25e0, RSI=0x000000019c2c80e2, RDI=0x00007fb965bf9400
R8 =0x000000000000002e, R9 =0x0000000000000000, R10=0x0000000000005c00, R11=0x00007fb965bef000
R12=0x0000000000003b00, R13=0x000000007365742f, R14=0x00007fb965bef000, R15=0x000000000000a400
RIP=0x00007fff9037caf5, EFLAGS=0x0000000000010286, ERR=0x0000000000000004
  TRAPNO=0x000000000000000e

Top of Stack: (sp=0x000000019cde25e0)
0x000000019cde25e0:   000000019cde2650 000000010f2c464d
0x000000019cde25f0:   0000000000000004 0000000000000000
0x000000019cde2600:   000000000000a400 00007fb964bce570
0x000000019cde2610:   0000000000000000 00007fb966921e50
0x000000019cde2620:   00007fb964be5730 000000003dd8e798
0x000000019cde2630:   000000000000005a 00007fb966922010
0x000000019cde2640:   00007fb966921e50 000000000000001e
0x000000019cde2650:   000000019cde26a0 000000010f2c47b3
0x000000019cde2660:   0000000000000012 0000001266030000
0x000000019cde2670:   000000019cde26be 000000019cde2b08
0x000000019cde2680:   0000000000000012 000000019cde26be
0x000000019cde2690:   00007fb966921e50 00007fb9660301d8
0x000000019cde26a0:   000000019cde2af0 000000010f2c35fa
0x000000019cde26b0:   000000019cde26e0 7073000100000001
0x000000019cde26c0:   6e6f632d676e6972 6c6d782e74786574
0x000000019cde26d0:   0000000000000000 000000019cde2760
0x000000019cde26e0:   000000019cde2740 000000010f2f3c97
0x000000019cde26f0:   00000000000003d8 000000016a11eb28
0x000000019cde2700:   000000019cde2700 000000011262c5bb
0x000000019cde2710:   000000019cde2760 000000011262d5d0
0x000000019cde2720:   0000000000000000 000000010062c608
0x000000019cde2730:   0000000000000000 000000019cde2760
0x000000019cde2740:   0000000112489de8 00007fb966030000
0x000000019cde2750:   000000019cde2780 0000000000000000
0x000000019cde2760:   0000000000000001 000000011262c5bb
0x000000019cde2770:   000000016a11ec80 00007fb966030000
0x000000019cde2780:   0000000000000004 000000016a11ec80
0x000000019cde2790:   0000000000000004 00007fb964e38c30
0x000000019cde27a0:   000000019cde27f0 000000010e64bdb2
0x000000019cde27b0:   00000001123ab028 0000000000000001
0x000000019cde27c0:   000000019cde27f0 0000000000000002
0x000000019cde27d0:   0000000000000004 0000000112489de8 

Instructions: (pc=0x00007fff9037caf5)
0x00007fff9037cad5:   54 0f 20 66 0f 7f 5c 0f 30 48 83 c1 40 75 cc e9
0x00007fff9037cae5:   57 ff ff ff 0f 1f 80 00 00 00 00 f3 0f 6f 04 0e
0x00007fff9037caf5:   f3 0f 6f 4c 0e 10 f3 0f 6f 54 0e 20 f3 0f 6f 5c
0x00007fff9037cb05:   0e 30 66 0f 7f 04 0f 66 0f 7f 4c 0f 10 66 0f 7f 

Register to memory mapping:

RAX=0x00007fb7c993131e is an unknown value
RBX=0x000000019c2bdcb4 is an unknown value
RCX=0xffffffffffffaf00 is an unknown value
RDX=0x0000000000000000 is an unknown value
RSP=0x000000019cde25e0 is pointing into the stack for thread: 0x00007fb966030000
RBP=0x000000019cde25e0 is pointing into the stack for thread: 0x00007fb966030000
RSI=0x000000019c2c80e2 is an unknown value
RDI=0x00007fb965bf9400 is an unknown value
R8 =0x000000000000002e is an unknown value
R9 =0x0000000000000000 is an unknown value
R10=0x0000000000005c00 is an unknown value
R11=0x00007fb965bef000 is an unknown value
R12=0x0000000000003b00 is an unknown value
R13=0x000000007365742f is an unknown value
R14=0x00007fb965bef000 is an unknown value
R15=0x000000000000a400 is an unknown value


Stack: [0x000000019cce4000,0x000000019cde4000],  sp=0x000000019cde25e0,  free space=1017k
Native frames: (J=compiled Java code, j=interpreted, Vv=VM code, C=native code)
C  [libsystem_c.dylib+0x1af5]  memmove$VARIANT$sse42+0xcd
C  [libzip.dylib+0x364d]  newEntry+0x660
C  [libzip.dylib+0x37b3]  ZIP_GetEntry+0xa2
C  [libzip.dylib+0x25fa]  Java_java_util_zip_ZipFile_getEntry+0xdd
J  java.util.zip.ZipFile.getEntry(J[BZ)J

Java frames: (J=compiled Java code, j=interpreted, Vv=VM code)
J  java.util.zip.ZipFile.getEntry(J[BZ)J
J  java.util.jar.JarFile.getEntry(Ljava/lang/String;)Ljava/util/zip/ZipEntry;
j  sun.net.www.protocol.jar.URLJarFile.getEntry(Ljava/lang/String;)Ljava/util/zip/ZipEntry;+2
j  sun.net.www.protocol.jar.JarURLConnection.connect()V+62
j  sun.net.www.protocol.jar.JarURLConnection.getInputStream()Ljava/io/InputStream;+1
j  java.net.URLClassLoader.getResourceAsStream(Ljava/lang/String;)Ljava/io/InputStream;+18
j  org.springframework.core.io.ClassPathResource.getInputStream()Ljava/io/InputStream;+37
j  org.springframework.beans.factory.xml.XmlBeanDefinitionReader.loadBeanDefinitions(Lorg/springframework/core/io/support/EncodedResource;)I+127
j  org.springframework.beans.factory.xml.XmlBeanDefinitionReader.loadBeanDefinitions(Lorg/springframework/core/io/Resource;)I+9
j  org.springframework.beans.factory.support.AbstractBeanDefinitionReader.loadBeanDefinitions([Lorg/springframework/core/io/Resource;)I+34
j  org.springframework.beans.factory.support.AbstractBeanDefinitionReader.loadBeanDefinitions(Ljava/lang/String;Ljava/util/Set;)I+63
j  org.springframework.beans.factory.support.AbstractBeanDefinitionReader.loadBeanDefinitions(Ljava/lang/String;)I+3
j  org.springframework.web.context.support.XmlWebApplicationContext.loadBeanDefinitions(Lorg/springframework/beans/factory/xml/XmlBeanDefinitionReader;)V+34
j  org.springframework.web.context.support.XmlWebApplicationContext.loadBeanDefinitions(Lorg/springframework/beans/factory/support/DefaultListableBeanFactory;)V+41
j  org.springframework.context.support.AbstractRefreshableApplicationContext.refreshBeanFactory()V+35
j  org.springframework.context.support.AbstractApplicationContext.obtainFreshBeanFactory()Lorg/springframework/beans/factory/config/ConfigurableListableBeanFactory;+1
j  org.springframework.context.support.AbstractApplicationContext.refresh()V+12
j  org.springframework.web.context.ContextLoader.configureAndRefreshWebApplicationContext(Lorg/springframework/web/context/ConfigurableWebApplicationContext;Ljavax/servlet/ServletContext;)V+135
j  org.springframework.web.context.ContextLoader.initWebApplicationContext(Ljavax/servlet/ServletContext;)Lorg/springframework/web/context/WebApplicationContext;+132
j  org.springframework.web.context.ContextLoaderListener.contextInitialized(Ljavax/servlet/ServletContextEvent;)V+5
j  org.mortbay.jetty.handler.ContextHandler.startContext()V+62
j  org.mortbay.jetty.servlet.Context.startContext()V+1
j  org.mortbay.jetty.webapp.WebAppContext.startContext()V+123
j  org.mortbay.jetty.handler.ContextHandler.doStart()V+120
j  org.mortbay.jetty.webapp.WebAppContext.doStart()V+170
j  org.mortbay.jetty.plugin.Jetty6PluginWebAppContext.doStart()V+6
j  org.mortbay.component.AbstractLifeCycle.start()V+15
j  org.mortbay.jetty.plugin.AbstractJettyRunMojo$1.filesChanged(Ljava/util/List;)V+255
j  org.mortbay.util.Scanner.reportBulkChanges(Ljava/util/List;)V+38
j  org.mortbay.util.Scanner.reportDifferences(Ljava/util/Map;Ljava/util/Map;)V+345
j  org.mortbay.util.Scanner.scan()V+11
j  org.mortbay.util.Scanner$1.run()V+4
j  java.util.TimerThread.mainLoop()V+221
j  java.util.TimerThread.run()V+1
v  ~StubRoutines::call_stub

---------------  P R O C E S S  ---------------

Java Threads: ( => current thread )
  0x00007fb965822800 JavaThread "Timer-2" daemon [_thread_blocked, id=28931, stack(0x000000019d475000,0x000000019d575000)]
  0x00007fb9682d7000 JavaThread "btpool0-22" [_thread_blocked, id=27651, stack(0x000000019d372000,0x000000019d472000)]
=>0x00007fb966030000 JavaThread "Timer-1" daemon [_thread_in_native, id=23299, stack(0x000000019cce4000,0x000000019cde4000)]
  0x00007fb967116800 JavaThread "btpool0-1 - Acceptor0 SelectChannelConnector@0.0.0.0:8080" [_thread_in_native, id=20483, stack(0x000000019cba5000,0x000000019cca5000)]
  0x00007fb965006000 JavaThread "com.google.inject.internal.util.$Finalizer" daemon [_thread_blocked, id=19715, stack(0x000000019c68d000,0x000000019c78d000)]
  0x00007fb968001800 JavaThread "Service Thread" daemon [_thread_blocked, id=17415, stack(0x000000019be89000,0x000000019bf89000)]
  0x00007fb968000000 JavaThread "C2 CompilerThread1" daemon [_thread_in_native, id=15367, stack(0x000000019bd86000,0x000000019be86000)]
  0x00007fb968001000 JavaThread "C2 CompilerThread0" daemon [_thread_blocked, id=15879, stack(0x000000019bc83000,0x000000019bd83000)]
  0x00007fb967000000 JavaThread "JDWP Command Reader" daemon [_thread_in_native, id=14343, stack(0x000000019b86e000,0x000000019b96e000)]
  0x00007fb965817800 JavaThread "JDWP Event Helper Thread" daemon [_thread_blocked, id=19459, stack(0x000000019bb80000,0x000000019bc80000)]
  0x00007fb965007000 JavaThread "JDWP Transport Listener: dt_socket" daemon [_thread_blocked, id=19203, stack(0x000000019ba7d000,0x000000019bb7d000)]
  0x00007fb964089000 JavaThread "Signal Dispatcher" daemon [_thread_blocked, id=18947, stack(0x000000019b974000,0x000000019ba74000)]
  0x00007fb964077800 JavaThread "Finalizer" daemon [_thread_blocked, id=14083, stack(0x000000019b61f000,0x000000019b71f000)]
  0x00007fb964077000 JavaThread "Reference Handler" daemon [_thread_blocked, id=13827, stack(0x000000019b51c000,0x000000019b61c000)]
  0x00007fb96400c000 JavaThread "main" [_thread_blocked, id=6659, stack(0x000000010f138000,0x000000010f238000)]

Other Threads:
  0x00007fb964076800 VMThread [stack: 0x000000019b419000,0x000000019b519000] [id=13571]
  0x00007fb96800a800 WatcherThread [stack: 0x000000019bf8c000,0x000000019c08c000] [id=18203]

VM state:not at safepoint (normal execution)

VM Mutex/Monitor currently owned by a thread: None

Heap
 PSYoungGen      total 132800K, used 13504K [0x000000016a050000, 0x000000017b520000, 0x00000001935a0000)
  eden space 120768K, 1% used [0x000000016a050000,0x000000016a1c7888,0x0000000171640000)
  from space 12032K, 99% used [0x000000017a960000,0x000000017b518ab8,0x000000017b520000)
  to   space 19712K, 0% used [0x0000000178ea0000,0x0000000178ea0000,0x000000017a1e0000)
 ParOldGen       total 84672K, used 17563K [0x00000001175a0000, 0x000000011c850000, 0x000000016a050000)
  object space 84672K, 20% used [0x00000001175a0000,0x00000001186c6c80,0x000000011c850000)
 PSPermGen       total 36992K, used 36810K [0x00000001123a0000, 0x00000001147c0000, 0x00000001175a0000)
  object space 36992K, 99% used [0x00000001123a0000,0x00000001147929d8,0x00000001147c0000)

Card table byte_map: [0x00000001935a0000,0x00000001939aa000] byte_map_base: 0x0000000192d0e300

Polling page: 0x000000010f277000

Code Cache  [0x000000010f2ca000, 0x000000010f55a000, 0x00000001122ca000)
 total_blobs=1101 nmethods=746 adapters=315 free_code_cache=46650Kb largest_free_block=47703168

Compilation events (10 events):
Event: 3177.265 Thread 0x00007fb968001000  833 % 
Event: 3177.288 Thread 0x00007fb968001000 nmethod 833% 0x000000010f53add0 code [0x000000010f53b020, 0x000000010f53be90]
Event: 3177.288 Thread 0x00007fb968001000  834 % 
Event: 3177.296 Thread 0x00007fb968001000 nmethod 834% 0x000000010f4d1510 code [0x000000010f4d16a0, 0x000000010f4d2298]
Event: 3177.296 Thread 0x00007fb968001000  835   
Event: 3177.312 Thread 0x00007fb968001000 nmethod 835 0x000000010f4cfe50 code [0x000000010f4d0080, 0x000000010f4d0bd0]
Event: 3177.312 Thread 0x00007fb968001000  836   
Event: 3177.318 Thread 0x00007fb968001000 nmethod 836 0x000000010f4cef10 code [0x000000010f4cf0a0, 0x000000010f4cf958]
Event: 3177.328 Thread 0x00007fb968001000  837   
Event: 3177.329 Thread 0x00007fb968001000 nmethod 837 0x000000010f51ea10 code [0x000000010f51eb60, 0x000000010f51ec98]

GC Heap History (10 events):
Event: 11.620 GC heap before
{Heap before GC invocations=4 (full 0):
 PSYoungGen      total 37056K, used 36447K [0x000000016a050000, 0x000000016e8b0000, 0x00000001935a0000)
  eden space 31808K, 100% used [0x000000016a050000,0x000000016bf60000,0x000000016bf60000)
  from space 5248K, 88% used [0x000000016bf60000,0x000000016c3e7ef0,0x000000016c480000)
  to   space 5248K, 0% used [0x000000016e390000,0x000000016e390000,0x000000016e8b0000)
 ParOldGen       total 84672K, used 1007K [0x00000001175a0000, 0x000000011c850000, 0x000000016a050000)
  object space 84672K, 1% used [0x00000001175a0000,0x000000011769bd60,0x000000011c850000)
 PSPermGen       total 21248K, used 12411K [0x00000001123a0000, 0x0000000113860000, 0x00000001175a0000)
  object space 21248K, 58% used [0x00000001123a0000,0x0000000112fbecb0,0x0000000113860000)
Event: 11.631 GC heap after
Heap after GC invocations=4 (full 0):
 PSYoungGen      total 68864K, used 5232K [0x000000016a050000, 0x000000016e8b0000, 0x00000001935a0000)
  eden space 63616K, 0% used [0x000000016a050000,0x000000016a050000,0x000000016de70000)
  from space 5248K, 99% used [0x000000016e390000,0x000000016e8ac010,0x000000016e8b0000)
  to   space 5248K, 0% used [0x000000016de70000,0x000000016de70000,0x000000016e390000)
 ParOldGen       total 84672K, used 1744K [0x00000001175a0000, 0x000000011c850000, 0x000000016a050000)
  object space 84672K, 2% used [0x00000001175a0000,0x00000001177541e8,0x000000011c850000)
 PSPermGen       total 21248K, used 12411K [0x00000001123a0000, 0x0000000113860000, 0x00000001175a0000)
  object space 21248K, 58% used [0x00000001123a0000,0x0000000112fbecb0,0x0000000113860000)
}
Event: 12.898 GC heap before
{Heap before GC invocations=5 (full 0):
 PSYoungGen      total 68864K, used 68848K [0x000000016a050000, 0x000000016e8b0000, 0x00000001935a0000)
  eden space 63616K, 100% used [0x000000016a050000,0x000000016de70000,0x000000016de70000)
  from space 5248K, 99% used [0x000000016e390000,0x000000016e8ac010,0x000000016e8b0000)
  to   space 5248K, 0% used [0x000000016de70000,0x000000016de70000,0x000000016e390000)
 ParOldGen       total 84672K, used 1744K [0x00000001175a0000, 0x000000011c850000, 0x000000016a050000)
  object space 84672K, 2% used [0x00000001175a0000,0x00000001177541e8,0x000000011c850000)
 PSPermGen       total 21248K, used 18720K [0x00000001123a0000, 0x0000000113860000, 0x00000001175a0000)
  object space 21248K, 88% used [0x00000001123a0000,0x00000001135e8140,0x0000000113860000)
Event: 12.936 GC heap after
Heap after GC invocations=5 (full 0):
 PSYoungGen      total 68864K, used 5216K [0x000000016a050000, 0x00000001737f0000, 0x00000001935a0000)
  eden space 63616K, 0% used [0x000000016a050000,0x000000016a050000,0x000000016de70000)
  from space 5248K, 99% used [0x000000016de70000,0x000000016e388030,0x000000016e390000)
  to   space 14016K, 0% used [0x0000000172a40000,0x0000000172a40000,0x00000001737f0000)
 ParOldGen       total 84672K, used 12801K [0x00000001175a0000, 0x000000011c850000, 0x000000016a050000)
  object space 84672K, 15% used [0x00000001175a0000,0x00000001182206d8,0x000000011c850000)
 PSPermGen       total 21248K, used 18720K [0x00000001123a0000, 0x0000000113860000, 0x00000001175a0000)
  object space 21248K, 88% used [0x00000001123a0000,0x00000001135e8140,0x0000000113860000)
}
Event: 14.594 GC heap before
{Heap before GC invocations=6 (full 0):
 PSYoungGen      total 68864K, used 68832K [0x000000016a050000, 0x00000001737f0000, 0x00000001935a0000)
  eden space 63616K, 100% used [0x000000016a050000,0x000000016de70000,0x000000016de70000)
  from space 5248K, 99% used [0x000000016de70000,0x000000016e388030,0x000000016e390000)
  to   space 14016K, 0% used [0x0000000172a40000,0x0000000172a40000,0x00000001737f0000)
 ParOldGen       total 84672K, used 12801K [0x00000001175a0000, 0x000000011c850000, 0x000000016a050000)
  object space 84672K, 15% used [0x00000001175a0000,0x00000001182206d8,0x000000011c850000)
 PSPermGen       total 27392K, used 27264K [0x00000001123a0000, 0x0000000113e60000, 0x00000001175a0000)
  object space 27392K, 99% used [0x00000001123a0000,0x0000000113e40110,0x0000000113e60000)
Event: 14.618 GC heap after
Heap after GC invocations=6 (full 0):
 PSYoungGen      total 139776K, used 11877K [0x000000016a050000, 0x0000000173ad0000, 0x00000001935a0000)
  eden space 125760K, 0% used [0x000000016a050000,0x000000016a050000,0x0000000171b20000)
  from space 14016K, 84% used [0x0000000172a40000,0x00000001735d96c0,0x00000001737f0000)
  to   space 15488K, 0% used [0x0000000171b20000,0x0000000171b20000,0x0000000172a40000)
 ParOldGen       total 84672K, used 12873K [0x00000001175a0000, 0x000000011c850000, 0x000000016a050000)
  object space 84672K, 15% used [0x00000001175a0000,0x00000001182326e8,0x000000011c850000)
 PSPermGen       total 27392K, used 27264K [0x00000001123a0000, 0x0000000113e60000, 0x00000001175a0000)
  object space 27392K, 99% used [0x00000001123a0000,0x0000000113e40110,0x0000000113e60000)
}
Event: 373.584 GC heap before
{Heap before GC invocations=7 (full 0):
 PSYoungGen      total 139776K, used 137637K [0x000000016a050000, 0x0000000173ad0000, 0x00000001935a0000)
  eden space 125760K, 100% used [0x000000016a050000,0x0000000171b20000,0x0000000171b20000)
  from space 14016K, 84% used [0x0000000172a40000,0x00000001735d96c0,0x00000001737f0000)
  to   space 15488K, 0% used [0x0000000171b20000,0x0000000171b20000,0x0000000172a40000)
 ParOldGen       total 84672K, used 12873K [0x00000001175a0000, 0x000000011c850000, 0x000000016a050000)
  object space 84672K, 15% used [0x00000001175a0000,0x00000001182326e8,0x000000011c850000)
 PSPermGen       total 35456K, used 35323K [0x00000001123a0000, 0x0000000114640000, 0x00000001175a0000)
  object space 35456K, 99% used [0x00000001123a0000,0x000000011461ef70,0x0000000114640000)
Event: 373.622 GC heap after
Heap after GC invocations=7 (full 0):
 PSYoungGen      total 141248K, used 15464K [0x000000016a050000, 0x000000017bcd0000, 0x00000001935a0000)
  eden space 125760K, 0% used [0x000000016a050000,0x000000016a050000,0x0000000171b20000)
  from space 15488K, 99% used [0x0000000171b20000,0x0000000172a3a0e8,0x0000000172a40000)
  to   space 19904K, 0% used [0x000000017a960000,0x000000017a960000,0x000000017bcd0000)
 ParOldGen       total 84672K, used 16489K [0x00000001175a0000, 0x000000011c850000, 0x000000016a050000)
  object space 84672K, 19% used [0x00000001175a0000,0x00000001185ba470,0x000000011c850000)
 PSPermGen       total 35456K, used 35323K [0x00000001123a0000, 0x0000000114640000, 0x00000001175a0000)
  object space 35456K, 99% used [0x00000001123a0000,0x000000011461ef70,0x0000000114640000)
}
Event: 3177.463 GC heap before
{Heap before GC invocations=8 (full 0):
 PSYoungGen      total 141248K, used 141224K [0x000000016a050000, 0x000000017bcd0000, 0x00000001935a0000)
  eden space 125760K, 100% used [0x000000016a050000,0x0000000171b20000,0x0000000171b20000)
  from space 15488K, 99% used [0x0000000171b20000,0x0000000172a3a0e8,0x0000000172a40000)
  to   space 19904K, 0% used [0x000000017a960000,0x000000017a960000,0x000000017bcd0000)
 ParOldGen       total 84672K, used 16489K [0x00000001175a0000, 0x000000011c850000, 0x000000016a050000)
  object space 84672K, 19% used [0x00000001175a0000,0x00000001185ba470,0x000000011c850000)
 PSPermGen       total 36800K, used 36735K [0x00000001123a0000, 0x0000000114790000, 0x00000001175a0000)
  object space 36800K, 99% used [0x00000001123a0000,0x000000011477fc80,0x0000000114790000)
Event: 3177.483 GC heap after
Heap after GC invocations=8 (full 0):
 PSYoungGen      total 132800K, used 12002K [0x000000016a050000, 0x000000017b520000, 0x00000001935a0000)
  eden space 120768K, 0% used [0x000000016a050000,0x000000016a050000,0x0000000171640000)
  from space 12032K, 99% used [0x000000017a960000,0x000000017b518ab8,0x000000017b520000)
  to   space 19712K, 0% used [0x0000000178ea0000,0x0000000178ea0000,0x000000017a1e0000)
 ParOldGen       total 84672K, used 17563K [0x00000001175a0000, 0x000000011c850000, 0x000000016a050000)
  object space 84672K, 20% used [0x00000001175a0000,0x00000001186c6c80,0x000000011c850000)
 PSPermGen       total 36800K, used 36735K [0x00000001123a0000, 0x0000000114790000, 0x00000001175a0000)
  object space 36800K, 99% used [0x00000001123a0000,0x000000011477fc80,0x0000000114790000)
}

Deoptimization events (10 events):
Event: 3177.410 Thread 0x00007fb966030000 Uncommon trap -25 fr.pc 0x000000010f368b2c
Event: 3177.410 Thread 0x00007fb966030000 Uncommon trap -25 fr.pc 0x000000010f368b2c
Event: 3177.411 Thread 0x00007fb966030000 Uncommon trap -25 fr.pc 0x000000010f368b2c
Event: 3177.411 Thread 0x00007fb966030000 Uncommon trap -25 fr.pc 0x000000010f368b2c
Event: 3177.412 Thread 0x00007fb966030000 Uncommon trap -25 fr.pc 0x000000010f368b2c
Event: 3177.413 Thread 0x00007fb966030000 Uncommon trap -25 fr.pc 0x000000010f368b2c
Event: 3177.414 Thread 0x00007fb966030000 Uncommon trap -25 fr.pc 0x000000010f368b2c
Event: 3177.415 Thread 0x00007fb966030000 Uncommon trap -25 fr.pc 0x000000010f368b2c
Event: 3177.416 Thread 0x00007fb966030000 Uncommon trap -25 fr.pc 0x000000010f368b2c
Event: 3177.417 Thread 0x00007fb966030000 Uncommon trap -25 fr.pc 0x000000010f368b2c

Internal exceptions (10 events):
Event: 3177.436 Thread 0x00007fb966030000 Threw 0x000000017184b9a0 at /HUDSON/workspace/jdk7u12-2-build-macosx-amd64-product/jdk7u12/hotspot/src/share/vm/prims/jvm.cpp:1171
Event: 3177.437 Thread 0x00007fb966030000 Threw 0x000000017184c350 at /HUDSON/workspace/jdk7u12-2-build-macosx-amd64-product/jdk7u12/hotspot/src/share/vm/prims/jvm.cpp:1171
Event: 3177.437 Thread 0x00007fb966030000 Threw 0x000000017184dfa8 at /HUDSON/workspace/jdk7u12-2-build-macosx-amd64-product/jdk7u12/hotspot/src/share/vm/prims/jvm.cpp:1171
Event: 3177.437 Thread 0x00007fb966030000 Threw 0x000000017184f880 at /HUDSON/workspace/jdk7u12-2-build-macosx-amd64-product/jdk7u12/hotspot/src/share/vm/prims/jvm.cpp:1171
Event: 3177.437 Thread 0x00007fb966030000 Threw 0x000000017184fee8 at /HUDSON/workspace/jdk7u12-2-build-macosx-amd64-product/jdk7u12/hotspot/src/share/vm/prims/jvm.cpp:1171
Event: 3177.437 Thread 0x00007fb966030000 Threw 0x0000000171855568 at /HUDSON/workspace/jdk7u12-2-build-macosx-amd64-product/jdk7u12/hotspot/src/share/vm/prims/jvm.cpp:1171
Event: 3177.437 Thread 0x00007fb966030000 Threw 0x0000000171855ed8 at /HUDSON/workspace/jdk7u12-2-build-macosx-amd64-product/jdk7u12/hotspot/src/share/vm/prims/jvm.cpp:1171
Event: 3177.437 Thread 0x00007fb966030000 Threw 0x0000000171857b30 at /HUDSON/workspace/jdk7u12-2-build-macosx-amd64-product/jdk7u12/hotspot/src/share/vm/prims/jvm.cpp:1171
Event: 3177.437 Thread 0x00007fb966030000 Threw 0x0000000171859388 at /HUDSON/workspace/jdk7u12-2-build-macosx-amd64-product/jdk7u12/hotspot/src/share/vm/prims/jvm.cpp:1171
Event: 3177.437 Thread 0x00007fb966030000 Threw 0x00000001718599f0 at /HUDSON/workspace/jdk7u12-2-build-macosx-amd64-product/jdk7u12/hotspot/src/share/vm/prims/jvm.cpp:1171

Events (10 events):
Event: 3177.494 Executing VM operation: RevokeBias
Event: 3177.494 Executing VM operation: RevokeBias done
Event: 3177.495 Executing VM operation: RevokeBias
Event: 3177.495 Executing VM operation: RevokeBias done
Event: 3177.495 Executing VM operation: RevokeBias
Event: 3177.495 Executing VM operation: RevokeBias done
Event: 3177.495 Executing VM operation: RevokeBias
Event: 3177.495 Executing VM operation: RevokeBias done
Event: 3177.495 Executing VM operation: BulkRevokeBias
Event: 3177.495 Executing VM operation: BulkRevokeBias done


Dynamic libraries:
0x000000000cc62000 	/System/Library/Frameworks/Cocoa.framework/Versions/A/Cocoa
0x000000000cc62000 	/System/Library/Frameworks/Security.framework/Versions/A/Security
0x000000000cc62000 	/System/Library/Frameworks/ApplicationServices.framework/Versions/A/ApplicationServices
0x000000000cc62000 	/usr/lib/libz.1.dylib
0x000000000cc62000 	/usr/lib/libSystem.B.dylib
0x000000000cc62000 	/usr/lib/libobjc.A.dylib
0x000000000cc62000 	/System/Library/Frameworks/CoreFoundation.framework/Versions/A/CoreFoundation
0x000000000cc62000 	/System/Library/Frameworks/AppKit.framework/Versions/C/AppKit
0x000000000cc62000 	/System/Library/Frameworks/CoreData.framework/Versions/A/CoreData
0x000000000cc62000 	/System/Library/Frameworks/Foundation.framework/Versions/C/Foundation
0x000000000cc62000 	/System/Library/PrivateFrameworks/RemoteViewServices.framework/Versions/A/RemoteViewServices
0x000000000cc62000 	/System/Library/Frameworks/AudioToolbox.framework/Versions/A/AudioToolbox
0x000000000cc62000 	/System/Library/Frameworks/AudioUnit.framework/Versions/A/AudioUnit
0x000000000cc62000 	/System/Library/PrivateFrameworks/DataDetectorsCore.framework/Versions/A/DataDetectorsCore
0x000000000cc62000 	/System/Library/PrivateFrameworks/DesktopServicesPriv.framework/Versions/A/DesktopServicesPriv
0x000000000cc62000 	/System/Library/Frameworks/Carbon.framework/Versions/A/Frameworks/HIToolbox.framework/Versions/A/HIToolbox
0x000000000cc62000 	/System/Library/Frameworks/QuartzCore.framework/Versions/A/QuartzCore
0x000000000cc62000 	/System/Library/Frameworks/Carbon.framework/Versions/A/Frameworks/SpeechRecognition.framework/Versions/A/SpeechRecognition
0x000000000cc62000 	/usr/lib/libauto.dylib
0x000000000cc62000 	/usr/lib/libicucore.A.dylib
0x000000000cc62000 	/usr/lib/libxml2.2.dylib
0x000000000cc62000 	/System/Library/PrivateFrameworks/CoreUI.framework/Versions/A/CoreUI
0x000000000cc62000 	/System/Library/Frameworks/CoreAudio.framework/Versions/A/CoreAudio
0x000000000cc62000 	/System/Library/Frameworks/DiskArbitration.framework/Versions/A/DiskArbitration
0x000000000cc62000 	/usr/lib/liblangid.dylib
0x000000000cc62000 	/System/Library/PrivateFrameworks/MultitouchSupport.framework/Versions/A/MultitouchSupport
0x000000000cc62000 	/System/Library/Frameworks/IOKit.framework/Versions/A/IOKit
0x000000000cc62000 	/usr/lib/libDiagnosticMessagesClient.dylib
0x000000000cc62000 	/System/Library/Frameworks/CoreServices.framework/Versions/A/CoreServices
0x000000000cc62000 	/System/Library/PrivateFrameworks/PerformanceAnalysis.framework/Versions/A/PerformanceAnalysis
0x000000000cc62000 	/System/Library/PrivateFrameworks/GenerationalStorage.framework/Versions/A/GenerationalStorage
0x000000000cc62000 	/System/Library/Frameworks/OpenGL.framework/Versions/A/OpenGL
0x000000000cc62000 	/System/Library/Frameworks/CoreText.framework/Versions/A/CoreText
0x000000000cc62000 	/System/Library/Frameworks/ImageIO.framework/Versions/A/ImageIO
0x000000000cc62000 	/System/Library/PrivateFrameworks/Backup.framework/Versions/A/Backup
0x000000000cc62000 	/System/Library/Frameworks/CFNetwork.framework/Versions/A/CFNetwork
0x000000000cc62000 	/System/Library/Frameworks/SystemConfiguration.framework/Versions/A/SystemConfiguration
0x000000000cc62000 	/usr/lib/libCRFSuite.dylib
0x000000000cc62000 	/System/Library/PrivateFrameworks/TCC.framework/Versions/A/TCC
0x000000000cc62000 	/usr/lib/libc++.1.dylib
0x000000000cc62000 	/usr/lib/libc++abi.dylib
0x000000000cc62000 	/usr/lib/system/libcache.dylib
0x000000000cc62000 	/usr/lib/system/libcommonCrypto.dylib
0x000000000cc62000 	/usr/lib/system/libcompiler_rt.dylib
0x000000000cc62000 	/usr/lib/system/libcopyfile.dylib
0x000000000cc62000 	/usr/lib/system/libdispatch.dylib
0x000000000cc62000 	/usr/lib/system/libdnsinfo.dylib
0x000000000cc62000 	/usr/lib/system/libdyld.dylib
0x000000000cc62000 	/usr/lib/system/libkeymgr.dylib
0x000000000cc62000 	/usr/lib/system/liblaunch.dylib
0x000000000cc62000 	/usr/lib/system/libmacho.dylib
0x000000000cc62000 	/usr/lib/system/libquarantine.dylib
0x000000000cc62000 	/usr/lib/system/libremovefile.dylib
0x000000000cc62000 	/usr/lib/system/libsystem_blocks.dylib
0x000000000cc62000 	/usr/lib/system/libsystem_c.dylib
0x000000000cc62000 	/usr/lib/system/libsystem_dnssd.dylib
0x000000000cc62000 	/usr/lib/system/libsystem_info.dylib
0x000000000cc62000 	/usr/lib/system/libsystem_kernel.dylib
0x000000000cc62000 	/usr/lib/system/libsystem_m.dylib
0x000000000cc62000 	/usr/lib/system/libsystem_network.dylib
0x000000000cc62000 	/usr/lib/system/libsystem_notify.dylib
0x000000000cc62000 	/usr/lib/system/libsystem_sandbox.dylib
0x000000000cc62000 	/usr/lib/system/libunc.dylib
0x000000000cc62000 	/usr/lib/system/libunwind.dylib
0x000000000cc62000 	/usr/lib/system/libxpc.dylib
0x000000000cc62000 	/usr/lib/system/libcorecrypto.dylib
0x000000000cc62000 	/usr/lib/libstdc++.6.dylib
0x000000000cc62000 	/usr/lib/libbsm.0.dylib
0x000000000cc62000 	/usr/lib/libsqlite3.dylib
0x000000000cc62000 	/usr/lib/libxar.1.dylib
0x000000000cc62000 	/usr/lib/libpam.2.dylib
0x000000000cc62000 	/usr/lib/libOpenScriptingUtil.dylib
0x000000000cc62000 	/usr/lib/libbz2.1.0.dylib
0x000000000cc62000 	/System/Library/Frameworks/CoreServices.framework/Versions/A/Frameworks/CarbonCore.framework/Versions/A/CarbonCore
0x000000000cc62000 	/System/Library/Frameworks/CoreServices.framework/Versions/A/Frameworks/Metadata.framework/Versions/A/Metadata
0x000000000cc62000 	/System/Library/Frameworks/CoreServices.framework/Versions/A/Frameworks/OSServices.framework/Versions/A/OSServices
0x000000000cc62000 	/System/Library/Frameworks/CoreServices.framework/Versions/A/Frameworks/SearchKit.framework/Versions/A/SearchKit
0x000000000cc62000 	/System/Library/Frameworks/CoreServices.framework/Versions/A/Frameworks/AE.framework/Versions/A/AE
0x000000000cc62000 	/System/Library/Frameworks/CoreServices.framework/Versions/A/Frameworks/LaunchServices.framework/Versions/A/LaunchServices
0x000000000cc62000 	/System/Library/Frameworks/CoreServices.framework/Versions/A/Frameworks/DictionaryServices.framework/Versions/A/DictionaryServices
0x000000000cc62000 	/System/Library/Frameworks/NetFS.framework/Versions/A/NetFS
0x000000000cc62000 	/usr/lib/system/libkxld.dylib
0x000000000cc62000 	/System/Library/PrivateFrameworks/NetAuth.framework/Versions/A/NetAuth
0x000000000cc62000 	/System/Library/Frameworks/OpenDirectory.framework/Versions/A/Frameworks/CFOpenDirectory.framework/Versions/A/CFOpenDirectory
0x000000000cc62000 	/usr/lib/libxslt.1.dylib
0x000000000cc62000 	/System/Library/PrivateFrameworks/FamilyControls.framework/Versions/A/FamilyControls
0x000000000cc62000 	/System/Library/Frameworks/Carbon.framework/Versions/A/Frameworks/Ink.framework/Versions/A/Ink
0x000000000cc62000 	/System/Library/Frameworks/ApplicationServices.framework/Versions/A/Frameworks/CoreGraphics.framework/Versions/A/CoreGraphics
0x000000000cc62000 	/System/Library/Frameworks/ApplicationServices.framework/Versions/A/Frameworks/ATS.framework/Versions/A/ATS
0x000000000cc62000 	/System/Library/Frameworks/ApplicationServices.framework/Versions/A/Frameworks/ColorSync.framework/Versions/A/ColorSync
0x000000000cc62000 	/System/Library/Frameworks/ApplicationServices.framework/Versions/A/Frameworks/HIServices.framework/Versions/A/HIServices
0x000000000cc62000 	/System/Library/Frameworks/ApplicationServices.framework/Versions/A/Frameworks/LangAnalysis.framework/Versions/A/LangAnalysis
0x000000000cc62000 	/System/Library/Frameworks/ApplicationServices.framework/Versions/A/Frameworks/PrintCore.framework/Versions/A/PrintCore
0x000000000cc62000 	/System/Library/Frameworks/ApplicationServices.framework/Versions/A/Frameworks/QD.framework/Versions/A/QD
0x000000000cc62000 	/System/Library/Frameworks/ApplicationServices.framework/Versions/A/Frameworks/SpeechSynthesis.framework/Versions/A/SpeechSynthesis
0x000000000cc62000 	/System/Library/Frameworks/IOSurface.framework/Versions/A/IOSurface
0x000000000cc62000 	/System/Library/Frameworks/Accelerate.framework/Versions/A/Accelerate
0x000000000cc62000 	/System/Library/Frameworks/ApplicationServices.framework/Versions/A/Frameworks/ATS.framework/Versions/A/Resources/libFontParser.dylib
0x000000000cc62000 	/System/Library/Frameworks/ApplicationServices.framework/Versions/A/Frameworks/ATS.framework/Versions/A/Resources/libFontRegistry.dylib
0x000000000cc62000 	/System/Library/Frameworks/Accelerate.framework/Versions/A/Frameworks/vImage.framework/Versions/A/vImage
0x000000000cc62000 	/System/Library/Frameworks/Accelerate.framework/Versions/A/Frameworks/vecLib.framework/Versions/A/vecLib
0x000000000cc62000 	/System/Library/Frameworks/Accelerate.framework/Versions/A/Frameworks/vecLib.framework/Versions/A/libvDSP.dylib
0x000000000cc62000 	/System/Library/Frameworks/Accelerate.framework/Versions/A/Frameworks/vecLib.framework/Versions/A/libvMisc.dylib
0x000000000cc62000 	/System/Library/Frameworks/Accelerate.framework/Versions/A/Frameworks/vecLib.framework/Versions/A/libLAPACK.dylib
0x000000000cc62000 	/System/Library/Frameworks/Accelerate.framework/Versions/A/Frameworks/vecLib.framework/Versions/A/libBLAS.dylib
0x000000000cc62000 	/System/Library/Frameworks/ImageIO.framework/Versions/A/Resources/libJPEG.dylib
0x000000000cc62000 	/System/Library/Frameworks/ImageIO.framework/Versions/A/Resources/libTIFF.dylib
0x000000000cc62000 	/System/Library/Frameworks/ImageIO.framework/Versions/A/Resources/libPng.dylib
0x000000000cc62000 	/System/Library/Frameworks/ImageIO.framework/Versions/A/Resources/libGIF.dylib
0x000000000cc62000 	/System/Library/Frameworks/ImageIO.framework/Versions/A/Resources/libJP2.dylib
0x000000000cc62000 	/System/Library/Frameworks/ImageIO.framework/Versions/A/Resources/libRadiance.dylib
0x000000000cc62000 	/usr/lib/libcups.2.dylib
0x000000000cc62000 	/System/Library/Frameworks/Kerberos.framework/Versions/A/Kerberos
0x000000000cc62000 	/System/Library/Frameworks/GSS.framework/Versions/A/GSS
0x000000000cc62000 	/usr/lib/libresolv.9.dylib
0x000000000cc62000 	/usr/lib/libiconv.2.dylib
0x000000000cc62000 	/System/Library/PrivateFrameworks/Heimdal.framework/Versions/A/Heimdal
0x000000000cc62000 	/System/Library/PrivateFrameworks/TrustEvaluationAgent.framework/Versions/A/TrustEvaluationAgent
0x000000000cc62000 	/System/Library/Frameworks/OpenDirectory.framework/Versions/A/OpenDirectory
0x000000000cc62000 	/System/Library/PrivateFrameworks/CommonAuth.framework/Versions/A/CommonAuth
0x000000000cc62000 	/System/Library/PrivateFrameworks/Bom.framework/Versions/A/Bom
0x000000000cc62000 	/System/Library/Frameworks/CoreVideo.framework/Versions/A/CoreVideo
0x000000000cc62000 	/System/Library/Frameworks/QuartzCore.framework/Versions/A/Frameworks/CoreImage.framework/Versions/A/CoreImage
0x000000000cc62000 	/System/Library/Frameworks/QuartzCore.framework/Versions/A/Frameworks/ScalableUserInterface.framework/Versions/A/ScalableUserInterface
0x000000000cc62000 	/System/Library/Frameworks/OpenGL.framework/Versions/A/Libraries/libGLU.dylib
0x000000000cc62000 	/System/Library/Frameworks/OpenGL.framework/Versions/A/Libraries/libGFXShared.dylib
0x000000000cc62000 	/System/Library/Frameworks/OpenGL.framework/Versions/A/Libraries/libGL.dylib
0x000000000cc62000 	/System/Library/Frameworks/OpenGL.framework/Versions/A/Libraries/libGLImage.dylib
0x000000000cc62000 	/System/Library/Frameworks/OpenGL.framework/Versions/A/Libraries/libCVMSPluginSupport.dylib
0x000000000cc62000 	/System/Library/Frameworks/OpenGL.framework/Versions/A/Libraries/libCoreVMClient.dylib
0x000000000cc62000 	/System/Library/PrivateFrameworks/CrashReporterSupport.framework/Versions/A/CrashReporterSupport
0x000000000cc62000 	/System/Library/Frameworks/OpenCL.framework/Versions/A/OpenCL
0x000000000cc62000 	/System/Library/PrivateFrameworks/FaceCoreLight.framework/Versions/A/FaceCoreLight
0x000000000cc62000 	/System/Library/PrivateFrameworks/AppleFSCompression.framework/Versions/A/AppleFSCompression
0x000000000cc62000 	/System/Library/PrivateFrameworks/Ubiquity.framework/Versions/A/Ubiquity
0x000000000cc62000 	/System/Library/Frameworks/ServiceManagement.framework/Versions/A/ServiceManagement
0x000000000cc62000 	/System/Library/PrivateFrameworks/ChunkingLibrary.framework/Versions/A/ChunkingLibrary
0x000000000cc62000 	/System/Library/Frameworks/vecLib.framework/Versions/A/vecLib
0x000000000cc62000 	/System/Library/Frameworks/SecurityFoundation.framework/Versions/A/SecurityFoundation
0x000000000cc62000 	/System/Library/PrivateFrameworks/CommerceKit.framework/Versions/A/Frameworks/CommerceCore.framework/Versions/A/CommerceCore
0x000000000cc62000 	/System/Library/PrivateFrameworks/CoreSymbolication.framework/Versions/A/CoreSymbolication
0x000000000cc62000 	/System/Library/PrivateFrameworks/Symbolication.framework/Versions/A/Symbolication
0x000000000cc62000 	/System/Library/PrivateFrameworks/DebugSymbols.framework/Versions/A/DebugSymbols
0x000000010e5aa000 	/Library/Java/JavaVirtualMachines/jdk1.7.0_12.jdk/Contents/Home/jre/lib/server/libjvm.dylib
0x000000010f23a000 	/Library/Java/JavaVirtualMachines/jdk1.7.0_12.jdk/Contents/Home/jre/lib/libverify.dylib
0x000000010f247000 	/Library/Java/JavaVirtualMachines/jdk1.7.0_12.jdk/Contents/Home/jre/lib/libjava.dylib
0x000000010f278000 	/Library/Java/JavaVirtualMachines/jdk1.7.0_12.jdk/Contents/Home/jre/lib/libjdwp.dylib
0x000000010f2b5000 	/Library/Java/JavaVirtualMachines/jdk1.7.0_12.jdk/Contents/Home/jre/lib/libnpt.dylib
0x000000010f2c1000 	/Library/Java/JavaVirtualMachines/jdk1.7.0_12.jdk/Contents/Home/jre/lib/libzip.dylib
0x000000019b721000 	/System/Library/Frameworks/JavaVM.framework/Frameworks/JavaRuntimeSupport.framework/JavaRuntimeSupport
0x000000019b739000 	/System/Library/Frameworks/JavaVM.framework/Versions/A/Frameworks/JavaNativeFoundation.framework/Versions/A/JavaNativeFoundation
0x000000019b74e000 	/System/Library/Frameworks/JavaVM.framework/Versions/A/JavaVM
0x000000000cc62000 	/System/Library/Frameworks/Carbon.framework/Versions/A/Carbon
0x000000019b75b000 	/System/Library/PrivateFrameworks/JavaLaunching.framework/Versions/A/JavaLaunching
0x000000000cc62000 	/System/Library/Frameworks/Carbon.framework/Versions/A/Frameworks/CommonPanels.framework/Versions/A/CommonPanels
0x000000000cc62000 	/System/Library/Frameworks/Carbon.framework/Versions/A/Frameworks/Help.framework/Versions/A/Help
0x000000000cc62000 	/System/Library/Frameworks/Carbon.framework/Versions/A/Frameworks/ImageCapture.framework/Versions/A/ImageCapture
0x000000000cc62000 	/System/Library/Frameworks/Carbon.framework/Versions/A/Frameworks/OpenScripting.framework/Versions/A/OpenScripting
0x000000000cc62000 	/System/Library/Frameworks/Carbon.framework/Versions/A/Frameworks/Print.framework/Versions/A/Print
0x000000000cc62000 	/System/Library/Frameworks/Carbon.framework/Versions/A/Frameworks/SecurityHI.framework/Versions/A/SecurityHI
0x000000019ba76000 	/Library/Java/JavaVirtualMachines/jdk1.7.0_12.jdk/Contents/Home/jre/lib/libdt_socket.dylib
0x000000019c0c5000 	/Library/Java/JavaVirtualMachines/jdk1.7.0_12.jdk/Contents/Home/jre/lib/libnio.dylib
0x000000019c0d4000 	/Library/Java/JavaVirtualMachines/jdk1.7.0_12.jdk/Contents/Home/jre/lib/./libnet.dylib
0x000000019c184000 	/Library/Java/JavaVirtualMachines/jdk1.7.0_12.jdk/Contents/Home/jre/lib/libmanagement.dylib

VM Arguments:
jvm_args: -Xdebug -Xnoagent -Djava.compiler=NONE -Xrunjdwp:transport=dt_socket,server=y,suspend=y,address=8000 -Dclassworlds.conf=/usr/share/java/maven-3.0.3/bin/m2.conf -Dmaven.home=/usr/share/java/maven-3.0.3 
java_command: org.codehaus.plexus.classworlds.launcher.Launcher jetty:run
Launcher Type: SUN_STANDARD

Environment Variables:
PATH=/usr/local/lib/node_modules/steroids/bin:/usr/bin:/bin:/usr/sbin:/sbin:/usr/local/bin:/usr/X11/bin:/usr/local/git/bin:/usr/local/mysql/bin:/usr/share/groovy/bin:/Users/jadhavk/tools/sqlplus:/usr/local/sbin:/Users/jadhavk/data/softwares/mongodb/bin:/Users/jadhavk/tools/mobile_development_sdks/android-sdk-macosx/tools:/usr/local/mysql/bin:/usr/share/groovy/bin:/Users/jadhavk/tools/sqlplus:/usr/local/lib/node_modules/cordova:/usr/local/lib/node_modules/cordova/bin:/usr/local/andriod/sdk/tools/:/usr/local/andriod/sdk/platform-tools:/Users/jadhavk/.rvm/bin
USERNAME=root
SHELL=/bin/bash

Signal Handlers:
SIGSEGV: [libjvm.dylib+0x4ec7fb], sa_mask[0]=0xfffefeff, sa_flags=0x00000042
SIGBUS: [libjvm.dylib+0x4ec7fb], sa_mask[0]=0xfffefeff, sa_flags=0x00000042
SIGFPE: [libjvm.dylib+0x3e608c], sa_mask[0]=0xfffefeff, sa_flags=0x00000042
SIGPIPE: [libjvm.dylib+0x3e608c], sa_mask[0]=0xfffefeff, sa_flags=0x00000042
SIGXFSZ: [libjvm.dylib+0x3e608c], sa_mask[0]=0xfffefeff, sa_flags=0x00000042
SIGILL: [libjvm.dylib+0x3e608c], sa_mask[0]=0xfffefeff, sa_flags=0x00000042
SIGUSR1: SIG_DFL, sa_mask[0]=0x63807efb, sa_flags=0x00000000
SIGUSR2: [libjvm.dylib+0x3e5c28], sa_mask[0]=0x00000000, sa_flags=0x00000042
SIGHUP: [libjvm.dylib+0x3e409f], sa_mask[0]=0xfffefeff, sa_flags=0x00000042
SIGINT: [libjvm.dylib+0x3e409f], sa_mask[0]=0xfffefeff, sa_flags=0x00000042
SIGTERM: [libjvm.dylib+0x3e409f], sa_mask[0]=0xfffefeff, sa_flags=0x00000042
SIGQUIT: [libjvm.dylib+0x3e409f], sa_mask[0]=0xfffefeff, sa_flags=0x00000042


---------------  S Y S T E M  ---------------

OS:Bsduname:Darwin 12.4.0 Darwin Kernel Version 12.4.0: Wed May  1 17:57:12 PDT 2013; root:xnu-2050.24.15~1/RELEASE_X86_64 x86_64
rlimit: STACK 8192k, CORE 0k, NPROC 709, NOFILE 10240, AS infinity
load average:7.40 7.46 7.50

CPU:total 8 (4 cores per cpu, 2 threads per core) family 6 model 58 stepping 9, cmov, cx8, fxsr, mmx, sse, sse2, sse3, ssse3, sse4.1, sse4.2, popcnt, avx, aes, ht, tsc, tscinvbit, tscinv

Memory: 4k page, physical 8122784k(2030696k free)

/proc/meminfo:


vm_info: Java HotSpot(TM) 64-Bit Server VM (24.0-b27) for bsd-amd64 JRE (1.7.0_12-ea-b06), built on Dec 19 2012 03:27:41 by "java_re" with gcc 4.2.1 (Based on Apple Inc. build 5658) (LLVM build 2336.9.00)

time: Wed Sep 17 20:41:40 2014
elapsed time: 3177 seconds

